<?xml version="1.0" encoding="UTF-8"?>
<!-- Generated by org.testng.reporters.JUnitReportReporter -->
<testsuite hostname="DESKTOP-RSL61MR" failures="0" tests="2" name="PeopleNTech.Boothcamp.Homedepot" time="64.271" errors="0" timestamp="2022-01-20T21:10:43 EST" skipped="0">
  <testcase classname="PeopleNTech.Boothcamp.Homedepot" name="VerificationOfText" time="31.319"/>
  <system-out/>
  <testcase classname="PeopleNTech.Boothcamp.Homedepot" name="VerificationOfText" time="32.952"/>
  <system-out/>
</testsuite> <!-- PeopleNTech.Boothcamp.Homedepot -->
